{"D:\\wamp\\www\\nodejs-way\\mocha+should+istanbul\\main.js":{"path":"D:\\wamp\\www\\nodejs-way\\mocha+should+istanbul\\main.js","s":{"1":1,"2":182,"3":1,"4":181,"5":1,"6":180,"7":1,"8":179,"9":35,"10":144,"11":56,"12":88,"13":1},"b":{"1":[1,181],"2":[1,180],"3":[1,179],"4":[35,144],"5":[56,88]},"f":{"1":182},"fnMap":{"1":{"name":"(anonymous_1)","line":19,"loc":{"start":{"line":19,"column":16},"end":{"line":19,"column":29}}}},"statementMap":{"1":{"start":{"line":19,"column":0},"end":{"line":37,"column":2}},"2":{"start":{"line":20,"column":2},"end":{"line":22,"column":3}},"3":{"start":{"line":21,"column":4},"end":{"line":21,"column":44}},"4":{"start":{"line":23,"column":2},"end":{"line":25,"column":3}},"5":{"start":{"line":24,"column":4},"end":{"line":24,"column":37}},"6":{"start":{"line":26,"column":2},"end":{"line":28,"column":3}},"7":{"start":{"line":27,"column":4},"end":{"line":27,"column":38}},"8":{"start":{"line":29,"column":2},"end":{"line":31,"column":3}},"9":{"start":{"line":30,"column":4},"end":{"line":30,"column":13}},"10":{"start":{"line":32,"column":2},"end":{"line":34,"column":3}},"11":{"start":{"line":33,"column":4},"end":{"line":33,"column":13}},"12":{"start":{"line":36,"column":2},"end":{"line":36,"column":41}},"13":{"start":{"line":38,"column":0},"end":{"line":38,"column":30}}},"branchMap":{"1":{"line":20,"type":"if","locations":[{"start":{"line":20,"column":2},"end":{"line":20,"column":2}},{"start":{"line":20,"column":2},"end":{"line":20,"column":2}}]},"2":{"line":23,"type":"if","locations":[{"start":{"line":23,"column":2},"end":{"line":23,"column":2}},{"start":{"line":23,"column":2},"end":{"line":23,"column":2}}]},"3":{"line":26,"type":"if","locations":[{"start":{"line":26,"column":2},"end":{"line":26,"column":2}},{"start":{"line":26,"column":2},"end":{"line":26,"column":2}}]},"4":{"line":29,"type":"if","locations":[{"start":{"line":29,"column":2},"end":{"line":29,"column":2}},{"start":{"line":29,"column":2},"end":{"line":29,"column":2}}]},"5":{"line":32,"type":"if","locations":[{"start":{"line":32,"column":2},"end":{"line":32,"column":2}},{"start":{"line":32,"column":2},"end":{"line":32,"column":2}}]}}}}